This is pdfTeX, Version 3.14159265-2.6-1.40.21 (MiKTeX 20.12) (preloaded format=pdflatex 2021.1.14)  12 SEP 2022 13:21
entering extended mode
**./Praxisbericht.tex
(Praxisbericht.tex
LaTeX2e <2020-10-01> patch level 2
L3 programming layer <2020-12-07> xparse <2020-03-03>
("C:\Program Files\MiKTeX\tex/latex/base\article.cls"
Document Class: article 2020/04/10 v1.4m Standard LaTeX document class
("C:\Program Files\MiKTeX\tex/latex/base\size12.clo"
File: size12.clo 2020/04/10 v1.4m Standard LaTeX file (size option)
)
\c@part=\count177
\c@section=\count178
\c@subsection=\count179
\c@subsubsection=\count180
\c@paragraph=\count181
\c@subparagraph=\count182
\c@figure=\count183
\c@table=\count184
\abovecaptionskip=\skip47
\belowcaptionskip=\skip48
\bibindent=\dimen138
)
("C:\Program Files\MiKTeX\tex/generic/babel\babel.sty"
Package: babel 2020/10/27 3.51 The Babel package

("C:\Program Files\MiKTeX\tex/generic/babel\babel.def"
File: babel.def 2020/10/27 3.51 Babel common definitions
\babel@savecnt=\count185
\U@D=\dimen139
\l@babelnohyphens=\language79

("C:\Program Files\MiKTeX\tex/generic/babel\txtbabel.def")
\bbl@readstream=\read2
)
\bbl@dirlevel=\count186

*************************************
* Local config file bblopts.cfg used
*
("C:\Program Files\MiKTeX\tex/latex/arabi\bblopts.cfg"
File: bblopts.cfg 2005/09/08 v0.1 add Arabic and Farsi to "declared" options of
 babel
)
("C:\Program Files\MiKTeX\tex/latex/babel-german\ngerman.ldf"
Language: ngerman 2020/07/21 v2.12 German support for babel (post-1996 orthogra
phy)

("C:\Program Files\MiKTeX\tex/latex/babel-german\ngermanb.ldf"
Language: ngermanb 2020/07/21 v2.12 German support for babel (post-1996 orthogr
aphy)
Package babel Info: Making " an active character on input line 121.
)))
("C:\Program Files\MiKTeX\tex/latex/base\fontenc.sty"
Package: fontenc 2020/08/10 v2.0s Standard LaTeX package
)
("C:\Program Files\MiKTeX\tex/latex/lm\lmodern.sty"
Package: lmodern 2009/10/30 v1.6 Latin Modern Fonts
LaTeX Font Info:    Overwriting symbol font `operators' in version `normal'
(Font)                  OT1/cmr/m/n --> OT1/lmr/m/n on input line 22.
LaTeX Font Info:    Overwriting symbol font `letters' in version `normal'
(Font)                  OML/cmm/m/it --> OML/lmm/m/it on input line 23.
LaTeX Font Info:    Overwriting symbol font `symbols' in version `normal'
(Font)                  OMS/cmsy/m/n --> OMS/lmsy/m/n on input line 24.
LaTeX Font Info:    Overwriting symbol font `largesymbols' in version `normal'
(Font)                  OMX/cmex/m/n --> OMX/lmex/m/n on input line 25.
LaTeX Font Info:    Overwriting symbol font `operators' in version `bold'
(Font)                  OT1/cmr/bx/n --> OT1/lmr/bx/n on input line 26.
LaTeX Font Info:    Overwriting symbol font `letters' in version `bold'
(Font)                  OML/cmm/b/it --> OML/lmm/b/it on input line 27.
LaTeX Font Info:    Overwriting symbol font `symbols' in version `bold'
(Font)                  OMS/cmsy/b/n --> OMS/lmsy/b/n on input line 28.
LaTeX Font Info:    Overwriting symbol font `largesymbols' in version `bold'
(Font)                  OMX/cmex/m/n --> OMX/lmex/m/n on input line 29.
LaTeX Font Info:    Overwriting math alphabet `\mathbf' in version `normal'
(Font)                  OT1/cmr/bx/n --> OT1/lmr/bx/n on input line 31.
LaTeX Font Info:    Overwriting math alphabet `\mathsf' in version `normal'
(Font)                  OT1/cmss/m/n --> OT1/lmss/m/n on input line 32.
LaTeX Font Info:    Overwriting math alphabet `\mathit' in version `normal'
(Font)                  OT1/cmr/m/it --> OT1/lmr/m/it on input line 33.
LaTeX Font Info:    Overwriting math alphabet `\mathtt' in version `normal'
(Font)                  OT1/cmtt/m/n --> OT1/lmtt/m/n on input line 34.
LaTeX Font Info:    Overwriting math alphabet `\mathbf' in version `bold'
(Font)                  OT1/cmr/bx/n --> OT1/lmr/bx/n on input line 35.
LaTeX Font Info:    Overwriting math alphabet `\mathsf' in version `bold'
(Font)                  OT1/cmss/bx/n --> OT1/lmss/bx/n on input line 36.
LaTeX Font Info:    Overwriting math alphabet `\mathit' in version `bold'
(Font)                  OT1/cmr/bx/it --> OT1/lmr/bx/it on input line 37.
LaTeX Font Info:    Overwriting math alphabet `\mathtt' in version `bold'
(Font)                  OT1/cmtt/m/n --> OT1/lmtt/m/n on input line 38.
)
("C:\Program Files\MiKTeX\tex/latex/amsmath\amsmath.sty"
Package: amsmath 2020/09/23 v2.17i AMS math features
\@mathmargin=\skip49

For additional information on amsmath, use the `?' option.
("C:\Program Files\MiKTeX\tex/latex/amsmath\amstext.sty"
Package: amstext 2000/06/29 v2.01 AMS text

("C:\Program Files\MiKTeX\tex/latex/amsmath\amsgen.sty"
File: amsgen.sty 1999/11/30 v2.0 generic functions
\@emptytoks=\toks15
\ex@=\dimen140
))
("C:\Program Files\MiKTeX\tex/latex/amsmath\amsbsy.sty"
Package: amsbsy 1999/11/29 v1.2d Bold Symbols
\pmbraise@=\dimen141
)
("C:\Program Files\MiKTeX\tex/latex/amsmath\amsopn.sty"
Package: amsopn 2016/03/08 v2.02 operator names
)
\inf@bad=\count187
LaTeX Info: Redefining \frac on input line 234.
\uproot@=\count188
\leftroot@=\count189
LaTeX Info: Redefining \overline on input line 399.
\classnum@=\count190
\DOTSCASE@=\count191
LaTeX Info: Redefining \ldots on input line 496.
LaTeX Info: Redefining \dots on input line 499.
LaTeX Info: Redefining \cdots on input line 620.
\Mathstrutbox@=\box47
\strutbox@=\box48
\big@size=\dimen142
LaTeX Font Info:    Redeclaring font encoding OML on input line 743.
LaTeX Font Info:    Redeclaring font encoding OMS on input line 744.
\macc@depth=\count192
\c@MaxMatrixCols=\count193
\dotsspace@=\muskip16
\c@parentequation=\count194
\dspbrk@lvl=\count195
\tag@help=\toks16
\row@=\count196
\column@=\count197
\maxfields@=\count198
\andhelp@=\toks17
\eqnshift@=\dimen143
\alignsep@=\dimen144
\tagshift@=\dimen145
\tagwidth@=\dimen146
\totwidth@=\dimen147
\lineht@=\dimen148
\@envbody=\toks18
\multlinegap=\skip50
\multlinetaggap=\skip51
\mathdisplay@stack=\toks19
LaTeX Info: Redefining \[ on input line 2923.
LaTeX Info: Redefining \] on input line 2924.
)
("C:\Program Files\MiKTeX\tex/latex/graphics\graphicx.sty"
Package: graphicx 2020/09/09 v1.2b Enhanced LaTeX Graphics (DPC,SPQR)

("C:\Program Files\MiKTeX\tex/latex/graphics\keyval.sty"
Package: keyval 2014/10/28 v1.15 key=value parser (DPC)
\KV@toks@=\toks20
)
("C:\Program Files\MiKTeX\tex/latex/graphics\graphics.sty"
Package: graphics 2020/08/30 v1.4c Standard LaTeX Graphics (DPC,SPQR)

("C:\Program Files\MiKTeX\tex/latex/graphics\trig.sty"
Package: trig 2016/01/03 v1.10 sin cos tan (DPC)
)
("C:\Program Files\MiKTeX\tex/latex/graphics-cfg\graphics.cfg"
File: graphics.cfg 2016/06/04 v1.11 sample graphics configuration
)
Package graphics Info: Driver file: pdftex.def on input line 105.

("C:\Program Files\MiKTeX\tex/latex/graphics-def\pdftex.def"
File: pdftex.def 2020/10/05 v1.2a Graphics/color driver for pdftex
))
\Gin@req@height=\dimen149
\Gin@req@width=\dimen150
)
("C:\Program Files\MiKTeX\tex/latex/hyperref\hyperref.sty"
Package: hyperref 2020-05-15 v7.00e Hypertext links for LaTeX

("C:\Program Files\MiKTeX\tex/generic/ltxcmds\ltxcmds.sty"
Package: ltxcmds 2020-05-10 v1.25 LaTeX kernel commands for general use (HO)
)
("C:\Program Files\MiKTeX\tex/generic/iftex\iftex.sty"
Package: iftex 2020/03/06 v1.0d TeX engine tests
)
("C:\Program Files\MiKTeX\tex/generic/pdftexcmds\pdftexcmds.sty"
Package: pdftexcmds 2020-06-27 v0.33 Utility functions of pdfTeX for LuaTeX (HO
)

("C:\Program Files\MiKTeX\tex/generic/infwarerr\infwarerr.sty"
Package: infwarerr 2019/12/03 v1.5 Providing info/warning/error messages (HO)
)
Package pdftexcmds Info: \pdf@primitive is available.
Package pdftexcmds Info: \pdf@ifprimitive is available.
Package pdftexcmds Info: \pdfdraftmode found.
)
("C:\Program Files\MiKTeX\tex/generic/kvsetkeys\kvsetkeys.sty"
Package: kvsetkeys 2019/12/15 v1.18 Key value parser (HO)
)
("C:\Program Files\MiKTeX\tex/generic/kvdefinekeys\kvdefinekeys.sty"
Package: kvdefinekeys 2019-12-19 v1.6 Define keys (HO)
)
("C:\Program Files\MiKTeX\tex/generic/pdfescape\pdfescape.sty"
Package: pdfescape 2019/12/09 v1.15 Implements pdfTeX's escape features (HO)
)
("C:\Program Files\MiKTeX\tex/latex/hycolor\hycolor.sty"
Package: hycolor 2020-01-27 v1.10 Color options for hyperref/bookmark (HO)
)
("C:\Program Files\MiKTeX\tex/latex/letltxmacro\letltxmacro.sty"
Package: letltxmacro 2019/12/03 v1.6 Let assignment for LaTeX macros (HO)
)
("C:\Program Files\MiKTeX\tex/latex/auxhook\auxhook.sty"
Package: auxhook 2019-12-17 v1.6 Hooks for auxiliary files (HO)
)
("C:\Program Files\MiKTeX\tex/latex/kvoptions\kvoptions.sty"
Package: kvoptions 2020-10-07 v3.14 Key value format for package options (HO)
)
\@linkdim=\dimen151
\Hy@linkcounter=\count199
\Hy@pagecounter=\count266

("C:\Program Files\MiKTeX\tex/latex/hyperref\pd1enc.def"
File: pd1enc.def 2020-05-15 v7.00e Hyperref: PDFDocEncoding definition (HO)
Now handling font encoding PD1 ...
... no UTF-8 mapping file for font encoding PD1
)
("C:\Program Files\MiKTeX\tex/generic/intcalc\intcalc.sty"
Package: intcalc 2019/12/15 v1.3 Expandable calculations with integers (HO)
)
("C:\Program Files\MiKTeX\tex/generic/etexcmds\etexcmds.sty"
Package: etexcmds 2019/12/15 v1.7 Avoid name clashes with e-TeX commands (HO)
)
\Hy@SavedSpaceFactor=\count267
Package hyperref Info: Hyper figures OFF on input line 4464.
Package hyperref Info: Link nesting OFF on input line 4469.
Package hyperref Info: Hyper index ON on input line 4472.
Package hyperref Info: Plain pages OFF on input line 4479.
Package hyperref Info: Backreferencing OFF on input line 4484.
Package hyperref Info: Implicit mode ON; LaTeX internals redefined.
Package hyperref Info: Bookmarks ON on input line 4717.
\c@Hy@tempcnt=\count268

("C:\Program Files\MiKTeX\tex/latex/url\url.sty"
\Urlmuskip=\muskip17
Package: url 2013/09/16  ver 3.4  Verb mode for urls, etc.
)
LaTeX Info: Redefining \url on input line 5076.
\XeTeXLinkMargin=\dimen152

("C:\Program Files\MiKTeX\tex/generic/bitset\bitset.sty"
Package: bitset 2019/12/09 v1.3 Handle bit-vector datatype (HO)

("C:\Program Files\MiKTeX\tex/generic/bigintcalc\bigintcalc.sty"
Package: bigintcalc 2019/12/15 v1.5 Expandable calculations on big integers (HO
)
))
\Fld@menulength=\count269
\Field@Width=\dimen153
\Fld@charsize=\dimen154
Package hyperref Info: Hyper figures OFF on input line 6347.
Package hyperref Info: Link nesting OFF on input line 6352.
Package hyperref Info: Hyper index ON on input line 6355.
Package hyperref Info: backreferencing OFF on input line 6362.
Package hyperref Info: Link coloring OFF on input line 6367.
Package hyperref Info: Link coloring with OCG OFF on input line 6372.
Package hyperref Info: PDF/A mode OFF on input line 6377.
LaTeX Info: Redefining \ref on input line 6417.
LaTeX Info: Redefining \pageref on input line 6421.

("C:\Program Files\MiKTeX\tex/latex/base\atbegshi-ltx.sty"
Package: atbegshi-ltx 2020/08/17 v1.0a Emulation of the original atbegshi packa
ge
with kernel methods
)
\Hy@abspage=\count270
\c@Item=\count271
\c@Hfootnote=\count272
)
Package hyperref Info: Driver (autodetected): hpdftex.

("C:\Program Files\MiKTeX\tex/latex/hyperref\hpdftex.def"
File: hpdftex.def 2020-05-15 v7.00e Hyperref driver for pdfTeX

("C:\Program Files\MiKTeX\tex/latex/base\atveryend-ltx.sty"
Package: atveryend-ltx 2020/08/19 v1.0a Emulation of the original atvery packag
e
with kernel methods
)
\Fld@listcount=\count273
\c@bookmark@seq@number=\count274

("C:\Program Files\MiKTeX\tex/latex/rerunfilecheck\rerunfilecheck.sty"
Package: rerunfilecheck 2019/12/05 v1.9 Rerun checks for auxiliary files (HO)

("C:\Program Files\MiKTeX\tex/generic/uniquecounter\uniquecounter.sty"
Package: uniquecounter 2019/12/15 v1.4 Provide unlimited unique counter (HO)
)
Package uniquecounter Info: New unique counter `rerunfilecheck' on input line 2
86.
)
\Hy@SectionHShift=\skip52
)
("C:\Program Files\MiKTeX\tex/latex/placeins\placeins.sty"
Package: placeins 2005/04/18  v 2.2
)
("C:\Program Files\MiKTeX\tex/latex/setspace\setspace.sty"
Package: setspace 2011/12/19 v6.7a set line spacing
)
("C:\Program Files\MiKTeX\tex/latex/geometry\geometry.sty"
Package: geometry 2020/01/02 v5.9 Page Geometry

("C:\Program Files\MiKTeX\tex/generic/iftex\ifvtex.sty"
Package: ifvtex 2019/10/25 v1.7 ifvtex legacy package. Use iftex instead.
)
\Gm@cnth=\count275
\Gm@cntv=\count276
\c@Gm@tempcnt=\count277
\Gm@bindingoffset=\dimen155
\Gm@wd@mp=\dimen156
\Gm@odd@mp=\dimen157
\Gm@even@mp=\dimen158
\Gm@layoutwidth=\dimen159
\Gm@layoutheight=\dimen160
\Gm@layouthoffset=\dimen161
\Gm@layoutvoffset=\dimen162
\Gm@dimlist=\toks21

("C:\Program Files\MiKTeX\tex/latex/geometry\geometry.cfg"))
("C:\Program Files\MiKTeX\tex/latex/fancyhdr\fancyhdr.sty"
Package: fancyhdr 2021/01/28 v4.0.1 Extensive control of page headers and foote
rs
\f@nch@headwidth=\skip53
\f@nch@O@elh=\skip54
\f@nch@O@erh=\skip55
\f@nch@O@olh=\skip56
\f@nch@O@orh=\skip57
\f@nch@O@elf=\skip58
\f@nch@O@erf=\skip59
\f@nch@O@olf=\skip60
\f@nch@O@orf=\skip61
)
("C:\Program Files\MiKTeX\tex/latex/acronym\acronym.sty"
Package: acronym 2020/04/17 v1.47 Support for acronyms (Tobias Oetiker)

("C:\Program Files\MiKTeX\tex/latex/bigfoot\suffix.sty"
Package: suffix 2006/07/15 1.5a Variant command support
)
("C:\Program Files\MiKTeX\tex/latex/xstring\xstring.sty"
("C:\Program Files\MiKTeX\tex/generic/xstring\xstring.tex"
\integerpart=\count278
\decimalpart=\count279
)
Package: xstring 2019/02/06 v1.83 String manipulations (CT)
)
\AC@clearlist=\toks22
)
("C:\Program Files\MiKTeX\tex/latex/pdfpages\pdfpages.sty"
Package: pdfpages 2022/01/29 v0.5u Insert pages of external PDF documents (AM)

("C:\Program Files\MiKTeX\tex/latex/base\ifthen.sty"
Package: ifthen 2014/09/29 v1.1c Standard LaTeX ifthen package (DPC)
)
("C:\Program Files\MiKTeX\tex/latex/tools\calc.sty"
Package: calc 2017/05/25 v4.3 Infix arithmetic (KKT,FJ)
\calc@Acount=\count280
\calc@Bcount=\count281
\calc@Adimen=\dimen163
\calc@Bdimen=\dimen164
\calc@Askip=\skip62
\calc@Bskip=\skip63
LaTeX Info: Redefining \setlength on input line 80.
LaTeX Info: Redefining \addtolength on input line 81.
\calc@Ccount=\count282
\calc@Cskip=\skip64
)
("C:\Program Files\MiKTeX\tex/latex/eso-pic\eso-pic.sty"
Package: eso-pic 2020/10/14 v3.0a eso-pic (RN)
\ESO@tempdima=\dimen165
\ESO@tempdimb=\dimen166

("C:\Program Files\MiKTeX\tex/latex/xcolor\xcolor.sty"
Package: xcolor 2016/05/11 v2.12 LaTeX color extensions (UK)

("C:\Program Files\MiKTeX\tex/latex/graphics-cfg\color.cfg"
File: color.cfg 2016/01/02 v1.6 sample color configuration
)
Package xcolor Info: Driver file: pdftex.def on input line 225.
Package xcolor Info: Model `cmy' substituted by `cmy0' on input line 1348.
Package xcolor Info: Model `hsb' substituted by `rgb' on input line 1352.
Package xcolor Info: Model `RGB' extended on input line 1364.
Package xcolor Info: Model `HTML' substituted by `rgb' on input line 1366.
Package xcolor Info: Model `Hsb' substituted by `hsb' on input line 1367.
Package xcolor Info: Model `tHsb' substituted by `hsb' on input line 1368.
Package xcolor Info: Model `HSB' substituted by `hsb' on input line 1369.
Package xcolor Info: Model `Gray' substituted by `gray' on input line 1370.
Package xcolor Info: Model `wave' substituted by `hsb' on input line 1371.
))
\AM@pagewidth=\dimen167
\AM@pageheight=\dimen168
\AM@fboxrule=\dimen169

("C:\Program Files\MiKTeX\tex/latex/pdfpages\pppdftex.def"
File: pppdftex.def 2022/01/29 v0.5u Pdfpages driver for pdfTeX (AM)
)
\pdfpages@includegraphics@status=\count283
\AM@pagebox=\box49
\AM@global@opts=\toks23
\AM@pagecnt=\count284
\AM@toc@title=\toks24
\c@AM@survey=\count285
\AM@templatesizebox=\box50
)
("C:\Program Files\MiKTeX\tex/latex/listings\listings.sty"
\lst@mode=\count286
\lst@gtempboxa=\box51
\lst@token=\toks25
\lst@length=\count287
\lst@currlwidth=\dimen170
\lst@column=\count288
\lst@pos=\count289
\lst@lostspace=\dimen171
\lst@width=\dimen172
\lst@newlines=\count290
\lst@lineno=\count291
\lst@maxwidth=\dimen173

("C:\Program Files\MiKTeX\tex/latex/listings\lstmisc.sty"
File: lstmisc.sty 2020/03/24 1.8d (Carsten Heinz)
\c@lstnumber=\count292
\lst@skipnumbers=\count293
\lst@framebox=\box52
)
("C:\Program Files\MiKTeX\tex/latex/listings\listings.cfg"
File: listings.cfg 2020/03/24 1.8d listings configuration
))
Package: listings 2020/03/24 1.8d (Carsten Heinz)

("C:\Program Files\MiKTeX\tex/latex/listings\lstlang1.sty"
File: lstlang1.sty 2020/03/24 1.8d listings language file
)
LaTeX Font Info:    Trying to load font information for T1+lmr on input line 80
.

("C:\Program Files\MiKTeX\tex/latex/lm\t1lmr.fd"
File: t1lmr.fd 2009/10/30 v1.6 Font defs for Latin Modern
)
("C:\Program Files\MiKTeX\tex/latex/l3backend\l3backend-pdftex.def"
File: l3backend-pdftex.def 2020-09-24 L3 backend support: PDF output (pdfTeX)
\l__kernel_color_stack_int=\count294
\l__pdf_internal_box=\box53
)
(Praxisbericht.aux)
\openout1 = `Praxisbericht.aux'.

LaTeX Font Info:    Checking defaults for OML/cmm/m/it on input line 80.
LaTeX Font Info:    ... okay on input line 80.
LaTeX Font Info:    Checking defaults for OMS/cmsy/m/n on input line 80.
LaTeX Font Info:    ... okay on input line 80.
LaTeX Font Info:    Checking defaults for OT1/cmr/m/n on input line 80.
LaTeX Font Info:    ... okay on input line 80.
LaTeX Font Info:    Checking defaults for T1/cmr/m/n on input line 80.
LaTeX Font Info:    ... okay on input line 80.
LaTeX Font Info:    Checking defaults for TS1/cmr/m/n on input line 80.
LaTeX Font Info:    ... okay on input line 80.
LaTeX Font Info:    Checking defaults for OMX/cmex/m/n on input line 80.
LaTeX Font Info:    ... okay on input line 80.
LaTeX Font Info:    Checking defaults for U/cmr/m/n on input line 80.
LaTeX Font Info:    ... okay on input line 80.
LaTeX Font Info:    Checking defaults for PD1/pdf/m/n on input line 80.
LaTeX Font Info:    ... okay on input line 80.

("C:\Program Files\MiKTeX\tex/context/base/mkii\supp-pdf.mkii"
[Loading MPS to PDF converter (version 2006.09.02).]
\scratchcounter=\count295
\scratchdimen=\dimen174
\scratchbox=\box54
\nofMPsegments=\count296
\nofMParguments=\count297
\everyMPshowfont=\toks26
\MPscratchCnt=\count298
\MPscratchDim=\dimen175
\MPnumerator=\count299
\makeMPintoPDFobject=\count300
\everyMPtoPDFconversion=\toks27
) ("C:\Program Files\MiKTeX\tex/latex/epstopdf-pkg\epstopdf-base.sty"
Package: epstopdf-base 2020-01-24 v2.11 Base part for package epstopdf
Package epstopdf-base Info: Redefining graphics rule for `.eps' on input line 4
85.
)
Package hyperref Info: Link coloring OFF on input line 80.

("C:\Program Files\MiKTeX\tex/latex/hyperref\nameref.sty"
Package: nameref 2019/09/16 v2.46 Cross-referencing by name of section

("C:\Program Files\MiKTeX\tex/latex/refcount\refcount.sty"
Package: refcount 2019/12/15 v3.6 Data extraction from label references (HO)
)
("C:\Program Files\MiKTeX\tex/generic/gettitlestring\gettitlestring.sty"
Package: gettitlestring 2019/12/15 v1.6 Cleanup title references (HO)
)
\c@section@level=\count301
)
LaTeX Info: Redefining \ref on input line 80.
LaTeX Info: Redefining \pageref on input line 80.
LaTeX Info: Redefining \nameref on input line 80.

(Praxisbericht.out) (Praxisbericht.out)
\@outlinefile=\write3
\openout3 = `Praxisbericht.out'.


*geometry* driver: auto-detecting
*geometry* detected driver: pdftex
*geometry* verbose mode - [ preamble ] result:
* driver: pdftex
* paper: a4paper
* layout: <same size as paper>
* layoutoffset:(h,v)=(0.0pt,0.0pt)
* modes: 
* h-part:(L,W,R)=(71.13188pt, 455.24411pt, 71.13188pt)
* v-part:(T,H,B)=(71.13188pt, 702.78308pt, 71.13188pt)
* \paperwidth=597.50787pt
* \paperheight=845.04684pt
* \textwidth=455.24411pt
* \textheight=702.78308pt
* \oddsidemargin=-1.1381pt
* \evensidemargin=-1.1381pt
* \topmargin=-38.1381pt
* \headheight=12.0pt
* \headsep=25.0pt
* \topskip=12.0pt
* \footskip=30.0pt
* \marginparwidth=35.0pt
* \marginparsep=10.0pt
* \columnsep=10.0pt
* \skip\footins=10.8pt plus 4.0pt minus 2.0pt
* \hoffset=0.0pt
* \voffset=0.0pt
* \mag=1000
* \@twocolumnfalse
* \@twosidefalse
* \@mparswitchfalse
* \@reversemarginfalse
* (1in=72.27pt=25.4mm, 1cm=28.453pt)

("C:\Program Files\MiKTeX\tex/latex/pdflscape\pdflscape.sty"
Package: pdflscape 2019/12/05 v0.12 Display of landscape pages in PDF (HO)

("C:\Program Files\MiKTeX\tex/latex/graphics\lscape.sty"
Package: lscape 2020/05/28 v3.02 Landscape Pages (DPC)
)
Package pdflscape Info: Auto-detected driver: pdftex on input line 81.
)
\c@lstlisting=\count302
<Bilder/Rena_Logo.png, id=160, 2370.8575pt x 561.09625pt>
File: Bilder/Rena_Logo.png Graphic file (type png)
<use Bilder/Rena_Logo.png>
Package pdftex.def Info: Bilder/Rena_Logo.png  used on input line 120.
(pdftex.def)             Requested size: 182.09486pt x 43.09067pt.
<Bilder/DHBW-Logo.png, id=163, 138.9993pt x 66.9702pt>
File: Bilder/DHBW-Logo.png Graphic file (type png)
<use Bilder/DHBW-Logo.png>
Package pdftex.def Info: Bilder/DHBW-Logo.png  used on input line 137.
(pdftex.def)             Requested size: 182.09486pt x 87.74283pt.
 [1

{C:/Users/bdr/AppData/Local/MiKTeX/pdftex/config/pdftex.map} <./Bilder/Rena_Log
o.png> <./Bilder/DHBW-Logo.png>] (LeereSeite.texpdfTeX warning (ext4): destinat
ion with the same identifier (name{page.1}) has been already used, duplicate ig
nored
<to be read again> 
                   \relax 
l.5 \newpage
             [1]) (Erklaerung.tex
LaTeX Font Info:    Trying to load font information for OT1+lmr on input line 1
0.

("C:\Program Files\MiKTeX\tex/latex/lm\ot1lmr.fd"
File: ot1lmr.fd 2009/10/30 v1.6 Font defs for Latin Modern
)
LaTeX Font Info:    Trying to load font information for OML+lmm on input line 1
0.

("C:\Program Files\MiKTeX\tex/latex/lm\omllmm.fd"
File: omllmm.fd 2009/10/30 v1.6 Font defs for Latin Modern
)
LaTeX Font Info:    Trying to load font information for OMS+lmsy on input line 
10.

("C:\Program Files\MiKTeX\tex/latex/lm\omslmsy.fd"
File: omslmsy.fd 2009/10/30 v1.6 Font defs for Latin Modern
)
LaTeX Font Info:    Trying to load font information for OMX+lmex on input line 
10.

("C:\Program Files\MiKTeX\tex/latex/lm\omxlmex.fd"
File: omxlmex.fd 2009/10/30 v1.6 Font defs for Latin Modern
)
LaTeX Font Info:    External font `lmex10' loaded for size
(Font)              <12> on input line 10.
LaTeX Font Info:    External font `lmex10' loaded for size
(Font)              <8> on input line 10.
LaTeX Font Info:    External font `lmex10' loaded for size
(Font)              <6> on input line 10.
)
Underfull \hbox (badness 10000) in paragraph at lines 4--167

 []


Underfull \hbox (badness 10000) in paragraph at lines 4--167

 []


Underfull \hbox (badness 10000) in paragraph at lines 4--167

 []


Underfull \hbox (badness 10000) in paragraph at lines 4--167

 []

(Sperrvermerk.tex) [1]
Underfull \hbox (badness 10000) in paragraph at lines 195--196
[]\T1/lmr/m/n/12 Erstellung Re-cher-che, TCP-
 []

pdfTeX warning (ext4): destination with the same identifier (name{page.}) has b
een already used, duplicate ignored
<to be read again> 
                   \relax 
l.203 \null\newpage
                    [2] (Praxisbericht.lof)
\tf@lof=\write4
\openout4 = `Praxisbericht.lof'.

pdfTeX warning (ext4): destination with the same identifier (name{page.}) has b
een already used, duplicate ignored
<to be read again> 
                   \relax 
l.214 \newpage
               [3]pdfTeX warning (ext4): destination with the same identifier (
name{page.}) has been already used, duplicate ignored
<to be read again> 
                   \relax 
l.228 \newpage
               [4] (Praxisbericht.lol
Package acronym Info: Label `acro:sps' newly defined as it shall be overridden
although it is yet undefined on input line 18.
)
\tf@lol=\write5
\openout5 = `Praxisbericht.lol'.

pdfTeX warning (ext4): destination with the same identifier (name{page.}) has b
een already used, duplicate ignored
<to be read again> 
                   \relax 
l.238 \newpage
               [5] (Praxisbericht.tocpdfTeX warning (ext4): destination with th
e same identifier (name{page.}) has been already used, duplicate ignored
<to be read again> 
                   \relax 
l.36 ...line {8.2}SPS-Logging}{60}{subsection.8.2}
                                                  % [6])
\tf@toc=\write6
\openout6 = `Praxisbericht.toc'.

pdfTeX warning (ext4): destination with the same identifier (name{page.}) has b
een already used, duplicate ignored
<to be read again> 
                   \relax 
l.247 \newpage
               [7] (Einleitung.tex)
Underfull \hbox (badness 10000) in paragraph at lines 2--271

 []


Underfull \hbox (badness 10000) in paragraph at lines 2--271

 []

File: Bilder/Rena_Logo.png Graphic file (type png)
<use Bilder/Rena_Logo.png>
Package pdftex.def Info: Bilder/Rena_Logo.png  used on input line 271.
(pdftex.def)             Requested size: 101.40224pt x 24.0pt.

Package fancyhdr Warning: \headheight is too small (28.0pt): 
(fancyhdr)                Make it at least 28.35004pt, for example:
(fancyhdr)                \setlength{\headheight}{28.35004pt}.
(fancyhdr)                You might also make \topmargin smaller to compensate:

(fancyhdr)                \addtolength{\topmargin}{-0.35004pt}.

pdfTeX warning (ext4): destination with the same identifier (name{page.1}) has 
been already used, duplicate ignored
<to be read again> 
                   \relax 
l.271 \newpage
               [1] (Aufgabenstellung.tex
<Bilder/Sonstiges/Feldbus-Pyramide.png, id=380, 803.0pt x 482.80376pt>
File: Bilder/Sonstiges/Feldbus-Pyramide.png Graphic file (type png)
<use Bilder/Sonstiges/Feldbus-Pyramide.png>
Package pdftex.def Info: Bilder/Sonstiges/Feldbus-Pyramide.png  used on input l
ine 5.
(pdftex.def)             Requested size: 455.24411pt x 273.72023pt.
<Bilder/Lasten/Logging.png, id=387, 584.93532pt x 1277.52281pt>
File: Bilder/Lasten/Logging.png Graphic file (type png)
<use Bilder/Lasten/Logging.png>
Package pdftex.def Info: Bilder/Lasten/Logging.png  used on input line 22.
(pdftex.def)             Requested size: 317.19917pt x 692.78308pt.


LaTeX Warning: Float too large for page by 17.5pt on input line 25.

<Bilder/Lasten/Report.png, id=388, 304.13625pt x 1280.53406pt>
File: Bilder/Lasten/Report.png Graphic file (type png)
<use Bilder/Lasten/Report.png>
Package pdftex.def Info: Bilder/Lasten/Report.png  used on input line 28.
(pdftex.def)             Requested size: 164.54205pt x 692.78308pt.

LaTeX Warning: Float too large for page by 17.5pt on input line 31.

<Bilder/Lasten/SPS.png, id=389, 587.94656pt x 1279.02844pt>
File: Bilder/Lasten/SPS.png Graphic file (type png)
<use Bilder/Lasten/SPS.png>
Package pdftex.def Info: Bilder/Lasten/SPS.png  used on input line 34.
(pdftex.def)             Requested size: 318.4643pt x 692.78308pt.

LaTeX Warning: Float too large for page by 17.5pt on input line 37.

LaTeX Font Info:    External font `lmex10' loaded for size
(Font)              <10> on input line 41.
LaTeX Font Info:    External font `lmex10' loaded for size
(Font)              <7> on input line 41.
LaTeX Font Info:    External font `lmex10' loaded for size
(Font)              <5> on input line 41.

Underfull \hbox (badness 10000) in paragraph at lines 1--62

 []


Underfull \hbox (badness 10000) in paragraph at lines 1--62

 []

File: Bilder/Rena_Logo.png Graphic file (type png)
<use Bilder/Rena_Logo.png>
Package pdftex.def Info: Bilder/Rena_Logo.png  used on input line 62.
(pdftex.def)             Requested size: 101.40224pt x 24.0pt.

Package fancyhdr Warning: \headheight is too small (28.0pt): 
(fancyhdr)                Make it at least 28.35004pt, for example:
(fancyhdr)                \setlength{\headheight}{28.35004pt}.
(fancyhdr)                You might also make \topmargin smaller to compensate:

(fancyhdr)                \addtolength{\topmargin}{-0.35004pt}.

[2]
File: Bilder/Rena_Logo.png Graphic file (type png)
<use Bilder/Rena_Logo.png>
Package pdftex.def Info: Bilder/Rena_Logo.png  used on input line 62.
(pdftex.def)             Requested size: 101.40224pt x 24.0pt.


Package fancyhdr Warning: \headheight is too small (28.0pt): 
(fancyhdr)                Make it at least 28.35004pt, for example:
(fancyhdr)                \setlength{\headheight}{28.35004pt}.
(fancyhdr)                You might also make \topmargin smaller to compensate:

(fancyhdr)                \addtolength{\topmargin}{-0.35004pt}.

[3 <./Bilder/Sonstiges/Feldbus-Pyramide.png>]
File: Bilder/Rena_Logo.png Graphic file (type png)
<use Bilder/Rena_Logo.png>
Package pdftex.def Info: Bilder/Rena_Logo.png  used on input line 62.
(pdftex.def)             Requested size: 101.40224pt x 24.0pt.


Package fancyhdr Warning: \headheight is too small (28.0pt): 
(fancyhdr)                Make it at least 28.35004pt, for example:
(fancyhdr)                \setlength{\headheight}{28.35004pt}.
(fancyhdr)                You might also make \topmargin smaller to compensate:

(fancyhdr)                \addtolength{\topmargin}{-0.35004pt}.

[4 <./Bilder/Lasten/Logging.png>]
File: Bilder/Rena_Logo.png Graphic file (type png)
<use Bilder/Rena_Logo.png>
Package pdftex.def Info: Bilder/Rena_Logo.png  used on input line 62.
(pdftex.def)             Requested size: 101.40224pt x 24.0pt.


Package fancyhdr Warning: \headheight is too small (28.0pt): 
(fancyhdr)                Make it at least 28.35004pt, for example:
(fancyhdr)                \setlength{\headheight}{28.35004pt}.
(fancyhdr)                You might also make \topmargin smaller to compensate:

(fancyhdr)                \addtolength{\topmargin}{-0.35004pt}.

[5 <./Bilder/Lasten/Report.png>]
File: Bilder/Rena_Logo.png Graphic file (type png)
<use Bilder/Rena_Logo.png>
Package pdftex.def Info: Bilder/Rena_Logo.png  used on input line 62.
(pdftex.def)             Requested size: 101.40224pt x 24.0pt.


Package fancyhdr Warning: \headheight is too small (28.0pt): 
(fancyhdr)                Make it at least 28.35004pt, for example:
(fancyhdr)                \setlength{\headheight}{28.35004pt}.
(fancyhdr)                You might also make \topmargin smaller to compensate:

(fancyhdr)                \addtolength{\topmargin}{-0.35004pt}.

[6 <./Bilder/Lasten/SPS.png>]
<Bilder/EPM/EPM100F.jpg, id=427, 7528.125pt x 4516.875pt>
File: Bilder/EPM/EPM100F.jpg Graphic file (type jpg)
<use Bilder/EPM/EPM100F.jpg>
Package pdftex.def Info: Bilder/EPM/EPM100F.jpg  used on input line 66.
(pdftex.def)             Requested size: 455.24411pt x 273.13739pt.
)
File: Bilder/Rena_Logo.png Graphic file (type png)
<use Bilder/Rena_Logo.png>
Package pdftex.def Info: Bilder/Rena_Logo.png  used on input line 282.
(pdftex.def)             Requested size: 101.40224pt x 24.0pt.


Package fancyhdr Warning: \headheight is too small (28.0pt): 
(fancyhdr)                Make it at least 28.35004pt, for example:
(fancyhdr)                \setlength{\headheight}{28.35004pt}.
(fancyhdr)                You might also make \topmargin smaller to compensate:

(fancyhdr)                \addtolength{\topmargin}{-0.35004pt}.

[7 <./Bilder/EPM/EPM100F.jpg>]
File: Bilder/Rena_Logo.png Graphic file (type png)
<use Bilder/Rena_Logo.png>
Package pdftex.def Info: Bilder/Rena_Logo.png  used on input line 282.
(pdftex.def)             Requested size: 101.40224pt x 24.0pt.


Package fancyhdr Warning: \headheight is too small (28.0pt): 
(fancyhdr)                Make it at least 28.35004pt, for example:
(fancyhdr)                \setlength{\headheight}{28.35004pt}.
(fancyhdr)                You might also make \topmargin smaller to compensate:

(fancyhdr)                \addtolength{\topmargin}{-0.35004pt}.

[8] (Konzept.tex
File: Bilder/Rena_Logo.png Graphic file (type png)
<use Bilder/Rena_Logo.png>
Package pdftex.def Info: Bilder/Rena_Logo.png  used on input line 14.
(pdftex.def)             Requested size: 101.40224pt x 24.0pt.


Package fancyhdr Warning: \headheight is too small (28.0pt): 
(fancyhdr)                Make it at least 28.35004pt, for example:
(fancyhdr)                \setlength{\headheight}{28.35004pt}.
(fancyhdr)                You might also make \topmargin smaller to compensate:

(fancyhdr)                \addtolength{\topmargin}{-0.35004pt}.

[9

]
File: Bilder/Rena_Logo.png Graphic file (type png)
<use Bilder/Rena_Logo.png>
Package pdftex.def Info: Bilder/Rena_Logo.png  used on input line 23.
(pdftex.def)             Requested size: 101.40224pt x 24.0pt.


Package fancyhdr Warning: \headheight is too small (28.0pt): 
(fancyhdr)                Make it at least 28.35004pt, for example:
(fancyhdr)                \setlength{\headheight}{28.35004pt}.
(fancyhdr)                You might also make \topmargin smaller to compensate:

(fancyhdr)                \addtolength{\topmargin}{-0.35004pt}.

[10]
<Bilder/Sonstiges/Projektplan TCP.png, id=454, 1399.47844pt x 1892.57062pt>
File: Bilder/Sonstiges/Projektplan TCP.png Graphic file (type png)
<use Bilder/Sonstiges/Projektplan TCP.png>
Package pdftex.def Info: Bilder/Sonstiges/Projektplan TCP.png  used on input li
ne 26.
(pdftex.def)             Requested size: 455.24411pt x 615.62686pt.
<Bilder/Sonstiges/Projektplan CSV.png, id=455, 1373.13pt x 1550.79375pt>
File: Bilder/Sonstiges/Projektplan CSV.png Graphic file (type png)
<use Bilder/Sonstiges/Projektplan CSV.png>
Package pdftex.def Info: Bilder/Sonstiges/Projektplan CSV.png  used on input li
ne 33.
(pdftex.def)             Requested size: 455.24411pt x 514.12984pt.
<Bilder/Sonstiges/Projektplan SPS.png, id=456, 1400.23125pt x 1957.3125pt>
File: Bilder/Sonstiges/Projektplan SPS.png Graphic file (type png)
<use Bilder/Sonstiges/Projektplan SPS.png>
Package pdftex.def Info: Bilder/Sonstiges/Projektplan SPS.png  used on input li
ne 40.
(pdftex.def)             Requested size: 455.24411pt x 636.35797pt.
)
File: Bilder/Rena_Logo.png Graphic file (type png)
<use Bilder/Rena_Logo.png>
Package pdftex.def Info: Bilder/Rena_Logo.png  used on input line 286.
(pdftex.def)             Requested size: 101.40224pt x 24.0pt.


Package fancyhdr Warning: \headheight is too small (28.0pt): 
(fancyhdr)                Make it at least 28.35004pt, for example:
(fancyhdr)                \setlength{\headheight}{28.35004pt}.
(fancyhdr)                You might also make \topmargin smaller to compensate:

(fancyhdr)                \addtolength{\topmargin}{-0.35004pt}.

[11]
File: Bilder/Rena_Logo.png Graphic file (type png)
<use Bilder/Rena_Logo.png>
Package pdftex.def Info: Bilder/Rena_Logo.png  used on input line 286.
(pdftex.def)             Requested size: 101.40224pt x 24.0pt.


Package fancyhdr Warning: \headheight is too small (28.0pt): 
(fancyhdr)                Make it at least 28.35004pt, for example:
(fancyhdr)                \setlength{\headheight}{28.35004pt}.
(fancyhdr)                You might also make \topmargin smaller to compensate:

(fancyhdr)                \addtolength{\topmargin}{-0.35004pt}.

[12 <./Bilder/Sonstiges/Projektplan TCP.png>]
File: Bilder/Rena_Logo.png Graphic file (type png)
<use Bilder/Rena_Logo.png>
Package pdftex.def Info: Bilder/Rena_Logo.png  used on input line 286.
(pdftex.def)             Requested size: 101.40224pt x 24.0pt.


Package fancyhdr Warning: \headheight is too small (28.0pt): 
(fancyhdr)                Make it at least 28.35004pt, for example:
(fancyhdr)                \setlength{\headheight}{28.35004pt}.
(fancyhdr)                You might also make \topmargin smaller to compensate:

(fancyhdr)                \addtolength{\topmargin}{-0.35004pt}.

[13 <./Bilder/Sonstiges/Projektplan CSV.png>]
File: Bilder/Rena_Logo.png Graphic file (type png)
<use Bilder/Rena_Logo.png>
Package pdftex.def Info: Bilder/Rena_Logo.png  used on input line 286.
(pdftex.def)             Requested size: 101.40224pt x 24.0pt.


Package fancyhdr Warning: \headheight is too small (28.0pt): 
(fancyhdr)                Make it at least 28.35004pt, for example:
(fancyhdr)                \setlength{\headheight}{28.35004pt}.
(fancyhdr)                You might also make \topmargin smaller to compensate:

(fancyhdr)                \addtolength{\topmargin}{-0.35004pt}.

[14 <./Bilder/Sonstiges/Projektplan SPS.png>] (Recherche.tex
Package acronym Info: Label `acro:wpf' newly defined as it shall be overridden
although it is yet undefined on input line 7.
<Bilder/Sonstiges/Navigation RENA.png, id=484, 188.20313pt x 627.84563pt>
File: Bilder/Sonstiges/Navigation RENA.png Graphic file (type png)
<use Bilder/Sonstiges/Navigation RENA.png>
Package pdftex.def Info: Bilder/Sonstiges/Navigation RENA.png  used on input li
ne 11.
(pdftex.def)             Requested size: 131.74127pt x 439.48894pt.
File: Bilder/Rena_Logo.png Graphic file (type png)
<use Bilder/Rena_Logo.png>
Package pdftex.def Info: Bilder/Rena_Logo.png  used on input line 20.
(pdftex.def)             Requested size: 101.40224pt x 24.0pt.


Package fancyhdr Warning: \headheight is too small (28.0pt): 
(fancyhdr)                Make it at least 28.35004pt, for example:
(fancyhdr)                \setlength{\headheight}{28.35004pt}.
(fancyhdr)                You might also make \topmargin smaller to compensate:

(fancyhdr)                \addtolength{\topmargin}{-0.35004pt}.

[15

]
File: Bilder/Rena_Logo.png Graphic file (type png)
<use Bilder/Rena_Logo.png>
Package pdftex.def Info: Bilder/Rena_Logo.png  used on input line 20.
(pdftex.def)             Requested size: 101.40224pt x 24.0pt.


Package fancyhdr Warning: \headheight is too small (28.0pt): 
(fancyhdr)                Make it at least 28.35004pt, for example:
(fancyhdr)                \setlength{\headheight}{28.35004pt}.
(fancyhdr)                You might also make \topmargin smaller to compensate:

(fancyhdr)                \addtolength{\topmargin}{-0.35004pt}.

[16 <./Bilder/Sonstiges/Navigation RENA.png>]
<Bilder/Sonstiges/FCsLogging.png, id=505, 563.10374pt x 517.935pt>
File: Bilder/Sonstiges/FCsLogging.png Graphic file (type png)
<use Bilder/Sonstiges/FCsLogging.png>
Package pdftex.def Info: Bilder/Sonstiges/FCsLogging.png  used on input line 29
.
(pdftex.def)             Requested size: 281.55118pt x 258.96686pt.
<Bilder/Sonstiges/Consumption.png, id=506, 1254.93843pt x 255.95625pt>
File: Bilder/Sonstiges/Consumption.png Graphic file (type png)
<use Bilder/Sonstiges/Consumption.png>
Package pdftex.def Info: Bilder/Sonstiges/Consumption.png  used on input line 3
6.
(pdftex.def)             Requested size: 455.24411pt x 92.85107pt.
<Bilder/Sonstiges/ProcessValue.png, id=507, 1382.91656pt x 170.13562pt>
File: Bilder/Sonstiges/ProcessValue.png Graphic file (type png)
<use Bilder/Sonstiges/ProcessValue.png>
Package pdftex.def Info: Bilder/Sonstiges/ProcessValue.png  used on input line 
43.
(pdftex.def)             Requested size: 455.24411pt x 56.00732pt.
<Bilder/Sonstiges/TCP.jpg, id=508, 404.26031pt x 148.30406pt>
File: Bilder/Sonstiges/TCP.jpg Graphic file (type jpg)
<use Bilder/Sonstiges/TCP.jpg>
Package pdftex.def Info: Bilder/Sonstiges/TCP.jpg  used on input line 50.
(pdftex.def)             Requested size: 455.24411pt x 167.01135pt.
<Bilder/Sonstiges/Telegramme.png, id=510, 813.0375pt x 1204.5pt>
File: Bilder/Sonstiges/Telegramme.png Graphic file (type png)
<use Bilder/Sonstiges/Telegramme.png>
Package pdftex.def Info: Bilder/Sonstiges/Telegramme.png  used on input line 58
.
(pdftex.def)             Requested size: 455.24411pt x 674.42351pt.

Underfull \hbox (badness 10000) in paragraph at lines 66--68

 []

File: Bilder/Rena_Logo.png Graphic file (type png)
<use Bilder/Rena_Logo.png>
Package pdftex.def Info: Bilder/Rena_Logo.png  used on input line 68.
(pdftex.def)             Requested size: 101.40224pt x 24.0pt.

Package fancyhdr Warning: \headheight is too small (28.0pt): 
(fancyhdr)                Make it at least 28.35004pt, for example:
(fancyhdr)                \setlength{\headheight}{28.35004pt}.
(fancyhdr)                You might also make \topmargin smaller to compensate:

(fancyhdr)                \addtolength{\topmargin}{-0.35004pt}.

[17 <./Bilder/Sonstiges/FCsLogging.png>]
File: Bilder/Rena_Logo.png Graphic file (type png)
<use Bilder/Rena_Logo.png>
Package pdftex.def Info: Bilder/Rena_Logo.png  used on input line 68.
(pdftex.def)             Requested size: 101.40224pt x 24.0pt.


Package fancyhdr Warning: \headheight is too small (28.0pt): 
(fancyhdr)                Make it at least 28.35004pt, for example:
(fancyhdr)                \setlength{\headheight}{28.35004pt}.
(fancyhdr)                You might also make \topmargin smaller to compensate:

(fancyhdr)                \addtolength{\topmargin}{-0.35004pt}.

[18 <./Bilder/Sonstiges/Consumption.png> <./Bilder/Sonstiges/ProcessValue.png> 
<./Bilder/Sonstiges/TCP.jpg>]
File: Bilder/Rena_Logo.png Graphic file (type png)
<use Bilder/Rena_Logo.png>
Package pdftex.def Info: Bilder/Rena_Logo.png  used on input line 68.
(pdftex.def)             Requested size: 101.40224pt x 24.0pt.


Package fancyhdr Warning: \headheight is too small (28.0pt): 
(fancyhdr)                Make it at least 28.35004pt, for example:
(fancyhdr)                \setlength{\headheight}{28.35004pt}.
(fancyhdr)                You might also make \topmargin smaller to compensate:

(fancyhdr)                \addtolength{\topmargin}{-0.35004pt}.

[19 <./Bilder/Sonstiges/Telegramme.png>]
LaTeX Font Info:    External font `lmex10' loaded for size
(Font)              <14.4> on input line 74.


Package hyperref Warning: Token not allowed in a PDF string (PDFDocEncoding):
(hyperref)                removing `math shift' on input line 74.


Package hyperref Warning: Token not allowed in a PDF string (PDFDocEncoding):
(hyperref)                removing `\leftrightarrow' on input line 74.


Package hyperref Warning: Token not allowed in a PDF string (PDFDocEncoding):
(hyperref)                removing `math shift' on input line 74.

<Bilder/SPS/API_Guide.png, id=535, 991.45406pt x 645.16031pt>
File: Bilder/SPS/API_Guide.png Graphic file (type png)
<use Bilder/SPS/API_Guide.png>
Package pdftex.def Info: Bilder/SPS/API_Guide.png  used on input line 81.
(pdftex.def)             Requested size: 455.24411pt x 296.2359pt.
File: Bilder/Rena_Logo.png Graphic file (type png)
<use Bilder/Rena_Logo.png>
Package pdftex.def Info: Bilder/Rena_Logo.png  used on input line 84.
(pdftex.def)             Requested size: 101.40224pt x 24.0pt.

Package fancyhdr Warning: \headheight is too small (28.0pt): 
(fancyhdr)                Make it at least 28.35004pt, for example:
(fancyhdr)                \setlength{\headheight}{28.35004pt}.
(fancyhdr)                You might also make \topmargin smaller to compensate:

(fancyhdr)                \addtolength{\topmargin}{-0.35004pt}.

[20])
File: Bilder/Rena_Logo.png Graphic file (type png)
<use Bilder/Rena_Logo.png>
Package pdftex.def Info: Bilder/Rena_Logo.png  used on input line 290.
(pdftex.def)             Requested size: 101.40224pt x 24.0pt.


Package fancyhdr Warning: \headheight is too small (28.0pt): 
(fancyhdr)                Make it at least 28.35004pt, for example:
(fancyhdr)                \setlength{\headheight}{28.35004pt}.
(fancyhdr)                You might also make \topmargin smaller to compensate:

(fancyhdr)                \addtolength{\topmargin}{-0.35004pt}.

[21 <./Bilder/SPS/API_Guide.png>] (TCP-Logging.tex
<Bilder/PAP/TCPLogging.png, id=549, 1041.8925pt x 2050.66125pt>
File: Bilder/PAP/TCPLogging.png Graphic file (type png)
<use Bilder/PAP/TCPLogging.png>
Package pdftex.def Info: Bilder/PAP/TCPLogging.png  used on input line 4.
(pdftex.def)             Requested size: 331.66364pt x 652.78308pt.
<Bilder/Sonstiges/Osi-Model3.pdf, id=552, 590.205pt x 402.50375pt>
File: Bilder/Sonstiges/Osi-Model3.pdf Graphic file (type pdf)
<use Bilder/Sonstiges/Osi-Model3.pdf>
Package pdftex.def Info: Bilder/Sonstiges/Osi-Model3.pdf  used on input line 16
.
(pdftex.def)             Requested size: 455.24411pt x 310.46931pt.
LaTeX Font Info:    Trying to load font information for T1+lmtt on input line 2
3.

("C:\Program Files\MiKTeX\tex/latex/lm\t1lmtt.fd"
File: t1lmtt.fd 2009/10/30 v1.6 Font defs for Latin Modern
)
Underfull \hbox (badness 10000) in paragraph at lines 26--27

 []

Package hyperref Info: bookmark level for unknown lstlisting defaults to 0 on i
nput line 27.
(Code/InitSocket.cs)
Underfull \hbox (badness 10000) in paragraph at lines 28--29

 []


Underfull \hbox (badness 10000) in paragraph at lines 33--34

 []

(Code/WaitAccept.cs)
Underfull \hbox (badness 10000) in paragraph at lines 35--36

 []


Underfull \hbox (badness 10000) in paragraph at lines 40--41

 []

(Code/ReceiveCallback.cs)
Underfull \hbox (badness 10000) in paragraph at lines 42--43

 []


Underfull \hbox (badness 10000) in paragraph at lines 47--48

 []

(Code/RunReceive.cs)
Underfull \hbox (badness 10000) in paragraph at lines 49--50

 []

File: Bilder/Rena_Logo.png Graphic file (type png)
<use Bilder/Rena_Logo.png>
Package pdftex.def Info: Bilder/Rena_Logo.png  used on input line 52.
(pdftex.def)             Requested size: 101.40224pt x 24.0pt.

Package fancyhdr Warning: \headheight is too small (28.0pt): 
(fancyhdr)                Make it at least 28.35004pt, for example:
(fancyhdr)                \setlength{\headheight}{28.35004pt}.
(fancyhdr)                You might also make \topmargin smaller to compensate:

(fancyhdr)                \addtolength{\topmargin}{-0.35004pt}.

[22

]
File: Bilder/Rena_Logo.png Graphic file (type png)
<use Bilder/Rena_Logo.png>
Package pdftex.def Info: Bilder/Rena_Logo.png  used on input line 52.
(pdftex.def)             Requested size: 101.40224pt x 24.0pt.


Package fancyhdr Warning: \headheight is too small (28.0pt): 
(fancyhdr)                Make it at least 28.35004pt, for example:
(fancyhdr)                \setlength{\headheight}{28.35004pt}.
(fancyhdr)                You might also make \topmargin smaller to compensate:

(fancyhdr)                \addtolength{\topmargin}{-0.35004pt}.

[23 <./Bilder/PAP/TCPLogging.png>]
File: Bilder/Rena_Logo.png Graphic file (type png)
<use Bilder/Rena_Logo.png>
Package pdftex.def Info: Bilder/Rena_Logo.png  used on input line 52.
(pdftex.def)             Requested size: 101.40224pt x 24.0pt.


Package fancyhdr Warning: \headheight is too small (28.0pt): 
(fancyhdr)                Make it at least 28.35004pt, for example:
(fancyhdr)                \setlength{\headheight}{28.35004pt}.
(fancyhdr)                You might also make \topmargin smaller to compensate:

(fancyhdr)                \addtolength{\topmargin}{-0.35004pt}.

[24 <./Bilder/Sonstiges/Osi-Model3.pdf>]
File: Bilder/Rena_Logo.png Graphic file (type png)
<use Bilder/Rena_Logo.png>
Package pdftex.def Info: Bilder/Rena_Logo.png  used on input line 52.
(pdftex.def)             Requested size: 101.40224pt x 24.0pt.


Package fancyhdr Warning: \headheight is too small (28.0pt): 
(fancyhdr)                Make it at least 28.35004pt, for example:
(fancyhdr)                \setlength{\headheight}{28.35004pt}.
(fancyhdr)                You might also make \topmargin smaller to compensate:

(fancyhdr)                \addtolength{\topmargin}{-0.35004pt}.

[25]
Underfull \hbox (badness 10000) in paragraph at lines 62--63

 []

(Code/HandlePlcLoggingMessageReceived.cs)
Underfull \hbox (badness 10000) in paragraph at lines 64--65

 []


Underfull \hbox (badness 10000) in paragraph at lines 74--75

 []

(Code/SwitchCase.cs)
Underfull \hbox (badness 10000) in paragraph at lines 76--77

 []


Underfull \hbox (badness 10000) in paragraph at lines 81--82

 []

(Code/Konvertierung.cs)
Underfull \hbox (badness 10000) in paragraph at lines 83--84

 []

<Bilder/Sonstiges/TelegrammBeschreibung.png, id=635, 1065.9825pt x 505.89pt>
File: Bilder/Sonstiges/TelegrammBeschreibung.png Graphic file (type png)
<use Bilder/Sonstiges/TelegrammBeschreibung.png>
Package pdftex.def Info: Bilder/Sonstiges/TelegrammBeschreibung.png  used on in
put line 88.
(pdftex.def)             Requested size: 455.24411pt x 216.04636pt.

Overfull \hbox (4.19052pt too wide) in paragraph at lines 59--93
\T1/lmr/m/n/12 mit-ge-loggt. Um die-ses Te-le-gramm zu kon-ver-tie-ren, wird di
e Funk-ti-on \T1/lmtt/m/n/12 ConvertDosageData-
 []


Underfull \hbox (badness 10000) in paragraph at lines 59--93

 []

File: Bilder/Rena_Logo.png Graphic file (type png)
<use Bilder/Rena_Logo.png>
Package pdftex.def Info: Bilder/Rena_Logo.png  used on input line 93.
(pdftex.def)             Requested size: 101.40224pt x 24.0pt.

Package fancyhdr Warning: \headheight is too small (28.0pt): 
(fancyhdr)                Make it at least 28.35004pt, for example:
(fancyhdr)                \setlength{\headheight}{28.35004pt}.
(fancyhdr)                You might also make \topmargin smaller to compensate:

(fancyhdr)                \addtolength{\topmargin}{-0.35004pt}.

[26]
File: Bilder/Rena_Logo.png Graphic file (type png)
<use Bilder/Rena_Logo.png>
Package pdftex.def Info: Bilder/Rena_Logo.png  used on input line 93.
(pdftex.def)             Requested size: 101.40224pt x 24.0pt.


Package fancyhdr Warning: \headheight is too small (28.0pt): 
(fancyhdr)                Make it at least 28.35004pt, for example:
(fancyhdr)                \setlength{\headheight}{28.35004pt}.
(fancyhdr)                You might also make \topmargin smaller to compensate:

(fancyhdr)                \addtolength{\topmargin}{-0.35004pt}.

[27]
File: Bilder/Rena_Logo.png Graphic file (type png)
<use Bilder/Rena_Logo.png>
Package pdftex.def Info: Bilder/Rena_Logo.png  used on input line 93.
(pdftex.def)             Requested size: 101.40224pt x 24.0pt.


Package fancyhdr Warning: \headheight is too small (28.0pt): 
(fancyhdr)                Make it at least 28.35004pt, for example:
(fancyhdr)                \setlength{\headheight}{28.35004pt}.
(fancyhdr)                You might also make \topmargin smaller to compensate:

(fancyhdr)                \addtolength{\topmargin}{-0.35004pt}.

[28]
File: Bilder/Rena_Logo.png Graphic file (type png)
<use Bilder/Rena_Logo.png>
Package pdftex.def Info: Bilder/Rena_Logo.png  used on input line 93.
(pdftex.def)             Requested size: 101.40224pt x 24.0pt.


Package fancyhdr Warning: \headheight is too small (28.0pt): 
(fancyhdr)                Make it at least 28.35004pt, for example:
(fancyhdr)                \setlength{\headheight}{28.35004pt}.
(fancyhdr)                You might also make \topmargin smaller to compensate:

(fancyhdr)                \addtolength{\topmargin}{-0.35004pt}.

[29]
File: Bilder/Rena_Logo.png Graphic file (type png)
<use Bilder/Rena_Logo.png>
Package pdftex.def Info: Bilder/Rena_Logo.png  used on input line 93.
(pdftex.def)             Requested size: 101.40224pt x 24.0pt.


Package fancyhdr Warning: \headheight is too small (28.0pt): 
(fancyhdr)                Make it at least 28.35004pt, for example:
(fancyhdr)                \setlength{\headheight}{28.35004pt}.
(fancyhdr)                You might also make \topmargin smaller to compensate:

(fancyhdr)                \addtolength{\topmargin}{-0.35004pt}.

[30]
Underfull \hbox (badness 10000) in paragraph at lines 99--100

 []

(Code/ConsumptionRow.cs)
Underfull \hbox (badness 10000) in paragraph at lines 101--102

 []

("C:\Program Files\MiKTeX\tex/latex/listings\lstlang1.sty"
File: lstlang1.sty 2020/03/24 1.8d listings language file
)
Underfull \hbox (badness 10000) in paragraph at lines 108--109

 []

(Code/ConsumptionTable.sql)
Underfull \hbox (badness 10000) in paragraph at lines 110--111

 []


Underfull \hbox (badness 10000) in paragraph at lines 115--116

 []

(Code/Sequence.sql)
Underfull \hbox (badness 10000) in paragraph at lines 117--118

 []


Underfull \hbox (badness 10000) in paragraph at lines 121--122

 []

(Code/InsertData.cs)
Underfull \hbox (badness 10000) in paragraph at lines 123--124

 []


Underfull \hbox (badness 10000) in paragraph at lines 94--128

 []

File: Bilder/Rena_Logo.png Graphic file (type png)
<use Bilder/Rena_Logo.png>
Package pdftex.def Info: Bilder/Rena_Logo.png  used on input line 128.
(pdftex.def)             Requested size: 101.40224pt x 24.0pt.

Package fancyhdr Warning: \headheight is too small (28.0pt): 
(fancyhdr)                Make it at least 28.35004pt, for example:
(fancyhdr)                \setlength{\headheight}{28.35004pt}.
(fancyhdr)                You might also make \topmargin smaller to compensate:

(fancyhdr)                \addtolength{\topmargin}{-0.35004pt}.

[31 <./Bilder/Sonstiges/TelegrammBeschreibung.png>]
File: Bilder/Rena_Logo.png Graphic file (type png)
<use Bilder/Rena_Logo.png>
Package pdftex.def Info: Bilder/Rena_Logo.png  used on input line 128.
(pdftex.def)             Requested size: 101.40224pt x 24.0pt.


Package fancyhdr Warning: \headheight is too small (28.0pt): 
(fancyhdr)                Make it at least 28.35004pt, for example:
(fancyhdr)                \setlength{\headheight}{28.35004pt}.
(fancyhdr)                You might also make \topmargin smaller to compensate:

(fancyhdr)                \addtolength{\topmargin}{-0.35004pt}.

[32]
File: Bilder/Rena_Logo.png Graphic file (type png)
<use Bilder/Rena_Logo.png>
Package pdftex.def Info: Bilder/Rena_Logo.png  used on input line 128.
(pdftex.def)             Requested size: 101.40224pt x 24.0pt.


Package fancyhdr Warning: \headheight is too small (28.0pt): 
(fancyhdr)                Make it at least 28.35004pt, for example:
(fancyhdr)                \setlength{\headheight}{28.35004pt}.
(fancyhdr)                You might also make \topmargin smaller to compensate:

(fancyhdr)                \addtolength{\topmargin}{-0.35004pt}.

[33]
<Bilder/Sonstiges/ConsumptionTabelle.png, id=871, 1212.02812pt x 123.46124pt>
File: Bilder/Sonstiges/ConsumptionTabelle.png Graphic file (type png)
<use Bilder/Sonstiges/ConsumptionTabelle.png>
Package pdftex.def Info: Bilder/Sonstiges/ConsumptionTabelle.png  used on input
 line 132.
(pdftex.def)             Requested size: 455.24411pt x 46.3732pt.
)
File: Bilder/Rena_Logo.png Graphic file (type png)
<use Bilder/Rena_Logo.png>
Package pdftex.def Info: Bilder/Rena_Logo.png  used on input line 294.
(pdftex.def)             Requested size: 101.40224pt x 24.0pt.


Package fancyhdr Warning: \headheight is too small (28.0pt): 
(fancyhdr)                Make it at least 28.35004pt, for example:
(fancyhdr)                \setlength{\headheight}{28.35004pt}.
(fancyhdr)                You might also make \topmargin smaller to compensate:

(fancyhdr)                \addtolength{\topmargin}{-0.35004pt}.

[34 <./Bilder/Sonstiges/ConsumptionTabelle.png>] (CSV-Service.tex
Underfull \hbox (badness 10000) in paragraph at lines 5--6

 []

(Code/TriggerFunction.sql)
Underfull \hbox (badness 10000) in paragraph at lines 7--8

 []


Underfull \hbox (badness 10000) in paragraph at lines 12--13

 []

(Code/CreateTrigger.sql)
Underfull \hbox (badness 10000) in paragraph at lines 14--15

 []

File: Bilder/Rena_Logo.png Graphic file (type png)
<use Bilder/Rena_Logo.png>
Package pdftex.def Info: Bilder/Rena_Logo.png  used on input line 17.
(pdftex.def)             Requested size: 101.40224pt x 24.0pt.

Package fancyhdr Warning: \headheight is too small (28.0pt): 
(fancyhdr)                Make it at least 28.35004pt, for example:
(fancyhdr)                \setlength{\headheight}{28.35004pt}.
(fancyhdr)                You might also make \topmargin smaller to compensate:

(fancyhdr)                \addtolength{\topmargin}{-0.35004pt}.

[35

]
Underfull \hbox (badness 10000) in paragraph at lines 21--22

 []

(Code/CreateCSVReport.cs)
Underfull \hbox (badness 10000) in paragraph at lines 23--24

 []


Underfull \hbox (badness 10000) in paragraph at lines 28--29

 []

(Code/AllProcessSteps.cs)
Underfull \hbox (badness 10000) in paragraph at lines 30--31

 []


Underfull \hbox (badness 10000) in paragraph at lines 18--33

 []


Underfull \hbox (badness 10000) in paragraph at lines 18--33

 []

File: Bilder/Rena_Logo.png Graphic file (type png)
<use Bilder/Rena_Logo.png>
Package pdftex.def Info: Bilder/Rena_Logo.png  used on input line 33.
(pdftex.def)             Requested size: 101.40224pt x 24.0pt.

Package fancyhdr Warning: \headheight is too small (28.0pt): 
(fancyhdr)                Make it at least 28.35004pt, for example:
(fancyhdr)                \setlength{\headheight}{28.35004pt}.
(fancyhdr)                You might also make \topmargin smaller to compensate:

(fancyhdr)                \addtolength{\topmargin}{-0.35004pt}.

[36]
File: Bilder/Rena_Logo.png Graphic file (type png)
<use Bilder/Rena_Logo.png>
Package pdftex.def Info: Bilder/Rena_Logo.png  used on input line 33.
(pdftex.def)             Requested size: 101.40224pt x 24.0pt.


Package fancyhdr Warning: \headheight is too small (28.0pt): 
(fancyhdr)                Make it at least 28.35004pt, for example:
(fancyhdr)                \setlength{\headheight}{28.35004pt}.
(fancyhdr)                You might also make \topmargin smaller to compensate:

(fancyhdr)                \addtolength{\topmargin}{-0.35004pt}.

[37]
Underfull \hbox (badness 10000) in paragraph at lines 41--42

 []

(Code/WriteDosageData.cs)
Underfull \hbox (badness 10000) in paragraph at lines 43--44

 []


Overfull \hbox (1.00519pt too wide) in paragraph at lines 34--46
\T1/lmr/m/n/12 Fr das Er-stel-len, Be-ar-bei-ten und ber-pr-fen ei-ner Da-te
i wird die Klas-se \T1/lmtt/m/n/12 System.IO.File
 []

File: Bilder/Rena_Logo.png Graphic file (type png)
<use Bilder/Rena_Logo.png>
Package pdftex.def Info: Bilder/Rena_Logo.png  used on input line 46.
(pdftex.def)             Requested size: 101.40224pt x 24.0pt.

Package fancyhdr Warning: \headheight is too small (28.0pt): 
(fancyhdr)                Make it at least 28.35004pt, for example:
(fancyhdr)                \setlength{\headheight}{28.35004pt}.
(fancyhdr)                You might also make \topmargin smaller to compensate:

(fancyhdr)                \addtolength{\topmargin}{-0.35004pt}.

[38]
Underfull \hbox (badness 10000) in paragraph at lines 48--49

 []

)
File: Bilder/Rena_Logo.png Graphic file (type png)
<use Bilder/Rena_Logo.png>
Package pdftex.def Info: Bilder/Rena_Logo.png  used on input line 298.
(pdftex.def)             Requested size: 101.40224pt x 24.0pt.


Package fancyhdr Warning: \headheight is too small (28.0pt): 
(fancyhdr)                Make it at least 28.35004pt, for example:
(fancyhdr)                \setlength{\headheight}{28.35004pt}.
(fancyhdr)                You might also make \topmargin smaller to compensate:

(fancyhdr)                \addtolength{\topmargin}{-0.35004pt}.

[39] (SPS-Logging.tex
<Bilder/PAP/TimerElapsed.png, id=1010, 1358.07375pt x 2683.02374pt>
File: Bilder/PAP/TimerElapsed.png Graphic file (type png)
<use Bilder/PAP/TimerElapsed.png>
Package pdftex.def Info: Bilder/PAP/TimerElapsed.png  used on input line 4.
(pdftex.def)             Requested size: 330.42043pt x 652.78308pt.
Package acronym Info: Label `acro:dll' newly defined as it shall be overridden
although it is yet undefined on input line 13.

Underfull \hbox (badness 10000) in paragraph at lines 18--19

 []

(Code/SPS/ActiveAGLink.cs)
Underfull \hbox (badness 10000) in paragraph at lines 20--21

 []

<Bilder/SPS/AGConfig.png, id=1017, 599.23875pt x 435.12563pt>
File: Bilder/SPS/AGConfig.png Graphic file (type png)
<use Bilder/SPS/AGConfig.png>
Package pdftex.def Info: Bilder/SPS/AGConfig.png  used on input line 26.
(pdftex.def)             Requested size: 455.24411pt x 330.57275pt.

Underfull \hbox (badness 10000) in paragraph at lines 36--37

 []

(Code/SPS/OpenProject.cs)
Underfull \hbox (badness 10000) in paragraph at lines 38--39

 []


Underfull \hbox (badness 10000) in paragraph at lines 44--45

 []

(Code/SPS/GetNewAGPara.cs)
Underfull \hbox (badness 10000) in paragraph at lines 46--47

 []


Underfull \hbox (badness 10000) in paragraph at lines 31--48

 []

File: Bilder/Rena_Logo.png Graphic file (type png)
<use Bilder/Rena_Logo.png>
Package pdftex.def Info: Bilder/Rena_Logo.png  used on input line 48.
(pdftex.def)             Requested size: 101.40224pt x 24.0pt.

Package fancyhdr Warning: \headheight is too small (28.0pt): 
(fancyhdr)                Make it at least 28.35004pt, for example:
(fancyhdr)                \setlength{\headheight}{28.35004pt}.
(fancyhdr)                You might also make \topmargin smaller to compensate:

(fancyhdr)                \addtolength{\topmargin}{-0.35004pt}.

[40

]
File: Bilder/Rena_Logo.png Graphic file (type png)
<use Bilder/Rena_Logo.png>
Package pdftex.def Info: Bilder/Rena_Logo.png  used on input line 48.
(pdftex.def)             Requested size: 101.40224pt x 24.0pt.


Package fancyhdr Warning: \headheight is too small (28.0pt): 
(fancyhdr)                Make it at least 28.35004pt, for example:
(fancyhdr)                \setlength{\headheight}{28.35004pt}.
(fancyhdr)                You might also make \topmargin smaller to compensate:

(fancyhdr)                \addtolength{\topmargin}{-0.35004pt}.

[41 <./Bilder/PAP/TimerElapsed.png>]
File: Bilder/Rena_Logo.png Graphic file (type png)
<use Bilder/Rena_Logo.png>
Package pdftex.def Info: Bilder/Rena_Logo.png  used on input line 48.
(pdftex.def)             Requested size: 101.40224pt x 24.0pt.


Package fancyhdr Warning: \headheight is too small (28.0pt): 
(fancyhdr)                Make it at least 28.35004pt, for example:
(fancyhdr)                \setlength{\headheight}{28.35004pt}.
(fancyhdr)                You might also make \topmargin smaller to compensate:

(fancyhdr)                \addtolength{\topmargin}{-0.35004pt}.

[42 <./Bilder/SPS/AGConfig.png>]
File: Bilder/Rena_Logo.png Graphic file (type png)
<use Bilder/Rena_Logo.png>
Package pdftex.def Info: Bilder/Rena_Logo.png  used on input line 49.
(pdftex.def)             Requested size: 101.40224pt x 24.0pt.


Package fancyhdr Warning: \headheight is too small (28.0pt): 
(fancyhdr)                Make it at least 28.35004pt, for example:
(fancyhdr)                \setlength{\headheight}{28.35004pt}.
(fancyhdr)                You might also make \topmargin smaller to compensate:

(fancyhdr)                \addtolength{\topmargin}{-0.35004pt}.

[43]
Underfull \hbox (badness 10000) in paragraph at lines 53--54

 []

(Code/SPS/Connect.cs)
Underfull \hbox (badness 10000) in paragraph at lines 55--56

 []


Underfull \hbox (badness 10000) in paragraph at lines 61--62

 []

(Code/SPS/SymbolicRW.cs)
Underfull \hbox (badness 10000) in paragraph at lines 63--64

 []


Underfull \hbox (badness 10000) in paragraph at lines 67--68

 []

(Code/SPS/CreateBuffer.cs)
Underfull \hbox (badness 10000) in paragraph at lines 69--70

 []


Underfull \hbox (badness 10000) in paragraph at lines 49--71

 []


Underfull \hbox (badness 10000) in paragraph at lines 49--71

 []

File: Bilder/Rena_Logo.png Graphic file (type png)
<use Bilder/Rena_Logo.png>
Package pdftex.def Info: Bilder/Rena_Logo.png  used on input line 71.
(pdftex.def)             Requested size: 101.40224pt x 24.0pt.

Package fancyhdr Warning: \headheight is too small (28.0pt): 
(fancyhdr)                Make it at least 28.35004pt, for example:
(fancyhdr)                \setlength{\headheight}{28.35004pt}.
(fancyhdr)                You might also make \topmargin smaller to compensate:

(fancyhdr)                \addtolength{\topmargin}{-0.35004pt}.

[44]
File: Bilder/Rena_Logo.png Graphic file (type png)
<use Bilder/Rena_Logo.png>
Package pdftex.def Info: Bilder/Rena_Logo.png  used on input line 71.
(pdftex.def)             Requested size: 101.40224pt x 24.0pt.


Package fancyhdr Warning: \headheight is too small (28.0pt): 
(fancyhdr)                Make it at least 28.35004pt, for example:
(fancyhdr)                \setlength{\headheight}{28.35004pt}.
(fancyhdr)                You might also make \topmargin smaller to compensate:

(fancyhdr)                \addtolength{\topmargin}{-0.35004pt}.

[45]
File: Bilder/Rena_Logo.png Graphic file (type png)
<use Bilder/Rena_Logo.png>
Package pdftex.def Info: Bilder/Rena_Logo.png  used on input line 72.
(pdftex.def)             Requested size: 101.40224pt x 24.0pt.


Package fancyhdr Warning: \headheight is too small (28.0pt): 
(fancyhdr)                Make it at least 28.35004pt, for example:
(fancyhdr)                \setlength{\headheight}{28.35004pt}.
(fancyhdr)                You might also make \topmargin smaller to compensate:

(fancyhdr)                \addtolength{\topmargin}{-0.35004pt}.

[46]
Underfull \hbox (badness 10000) in paragraph at lines 76--77

 []

(Code/SPS/Read.cs)
Underfull \hbox (badness 10000) in paragraph at lines 78--79

 []

File: Bilder/Rena_Logo.png Graphic file (type png)
<use Bilder/Rena_Logo.png>
Package pdftex.def Info: Bilder/Rena_Logo.png  used on input line 80.
(pdftex.def)             Requested size: 101.40224pt x 24.0pt.

Package fancyhdr Warning: \headheight is too small (28.0pt): 
(fancyhdr)                Make it at least 28.35004pt, for example:
(fancyhdr)                \setlength{\headheight}{28.35004pt}.
(fancyhdr)                You might also make \topmargin smaller to compensate:

(fancyhdr)                \addtolength{\topmargin}{-0.35004pt}.

[47]
File: Bilder/Rena_Logo.png Graphic file (type png)
<use Bilder/Rena_Logo.png>
Package pdftex.def Info: Bilder/Rena_Logo.png  used on input line 81.
(pdftex.def)             Requested size: 101.40224pt x 24.0pt.


Package fancyhdr Warning: \headheight is too small (28.0pt): 
(fancyhdr)                Make it at least 28.35004pt, for example:
(fancyhdr)                \setlength{\headheight}{28.35004pt}.
(fancyhdr)                You might also make \topmargin smaller to compensate:

(fancyhdr)                \addtolength{\topmargin}{-0.35004pt}.

[48]
Overfull \hbox (4.08366pt too wide) in paragraph at lines 82--87
\T1/lmr/m/n/12 der SIEMENS-Datentypen in .NET-Framework Da-ten-ty-pen und schli
e-lich in PostgreSQL-
 []

File: Bilder/Rena_Logo.png Graphic file (type png)
<use Bilder/Rena_Logo.png>
Package pdftex.def Info: Bilder/Rena_Logo.png  used on input line 87.
(pdftex.def)             Requested size: 101.40224pt x 24.0pt.

Package fancyhdr Warning: \headheight is too small (28.0pt): 
(fancyhdr)                Make it at least 28.35004pt, for example:
(fancyhdr)                \setlength{\headheight}{28.35004pt}.
(fancyhdr)                You might also make \topmargin smaller to compensate:

(fancyhdr)                \addtolength{\topmargin}{-0.35004pt}.

[49]
<Bilder/SPS/GDB.png, id=1254, 700.86844pt x 462.22687pt>
File: Bilder/SPS/GDB.png Graphic file (type png)
<use Bilder/SPS/GDB.png>
Package pdftex.def Info: Bilder/SPS/GDB.png  used on input line 92.
(pdftex.def)             Requested size: 455.24411pt x 300.23936pt.
<Bilder/SPS/MachineConfigHoch.png, id=1255, 173.89969pt x 1327.96124pt>
File: Bilder/SPS/MachineConfigHoch.png Graphic file (type png)
<use Bilder/SPS/MachineConfigHoch.png>
Package pdftex.def Info: Bilder/SPS/MachineConfigHoch.png  used on input line 9
9.
(pdftex.def)             Requested size: 90.98293pt x 694.78308pt.


LaTeX Warning: Float too large for page by 18.83331pt on input line 102.


Underfull \hbox (badness 10000) in paragraph at lines 108--109

 []

(Code/SPS/CreateTable.cs)
Underfull \hbox (badness 10000) in paragraph at lines 110--111

 []


Underfull \hbox (badness 10000) in paragraph at lines 114--115

 []

(Code/SPS/CreateColumn.cs)
Underfull \hbox (badness 10000) in paragraph at lines 116--117

 []


Underfull \hbox (badness 10000) in paragraph at lines 122--123

 []

(Code/SPS/CheckTable.cs
Overfull \hbox (3.36035pt too wide) in paragraph at lines 15--16
[][][][][][][][][][][][][][][][][][][][][]  
 []

)
Underfull \hbox (badness 10000) in paragraph at lines 124--125

 []


Underfull \hbox (badness 10000) in paragraph at lines 128--129

 []

(Code/SPS/CheckTable.sql)
Underfull \hbox (badness 10000) in paragraph at lines 130--131

 []


Underfull \hbox (badness 10000) in paragraph at lines 136--137

 []

(Code/SPS/columnChecks.sql)
Underfull \hbox (badness 10000) in paragraph at lines 138--139

 []

Package acronym Info: Label `acro:utc' newly defined as it shall be overridden
although it is yet undefined on input line 141.

Underfull \hbox (badness 10000) in paragraph at lines 144--145

 []

(Code/SPS/WriteData.cs)
Underfull \hbox (badness 10000) in paragraph at lines 146--147

 []


Underfull \hbox (badness 10000) in paragraph at lines 105--149

 []


Underfull \hbox (badness 10000) in paragraph at lines 105--149

 []


Underfull \hbox (badness 10000) in paragraph at lines 105--149

 []


Underfull \hbox (badness 10000) in paragraph at lines 105--149

 []


Underfull \hbox (badness 10000) in paragraph at lines 105--149

 []


Overfull \hbox (10.59503pt too wide) in paragraph at lines 105--149
\T1/lmr/m/n/12 Da-ten als Dy-na-micPa-ra-me-ters (Zei-le 12) ber-ge-ben. Zu-n
chst wird der An-fang des INSERT-
 []


Underfull \hbox (badness 10000) in paragraph at lines 105--149

 []


Underfull \hbox (badness 10000) in paragraph at lines 105--149

 []

File: Bilder/Rena_Logo.png Graphic file (type png)
<use Bilder/Rena_Logo.png>
Package pdftex.def Info: Bilder/Rena_Logo.png  used on input line 149.
(pdftex.def)             Requested size: 101.40224pt x 24.0pt.

Package fancyhdr Warning: \headheight is too small (28.0pt): 
(fancyhdr)                Make it at least 28.35004pt, for example:
(fancyhdr)                \setlength{\headheight}{28.35004pt}.
(fancyhdr)                You might also make \topmargin smaller to compensate:

(fancyhdr)                \addtolength{\topmargin}{-0.35004pt}.

[50 <./Bilder/SPS/GDB.png>]
File: Bilder/Rena_Logo.png Graphic file (type png)
<use Bilder/Rena_Logo.png>
Package pdftex.def Info: Bilder/Rena_Logo.png  used on input line 149.
(pdftex.def)             Requested size: 101.40224pt x 24.0pt.


Package fancyhdr Warning: \headheight is too small (28.0pt): 
(fancyhdr)                Make it at least 28.35004pt, for example:
(fancyhdr)                \setlength{\headheight}{28.35004pt}.
(fancyhdr)                You might also make \topmargin smaller to compensate:

(fancyhdr)                \addtolength{\topmargin}{-0.35004pt}.

[51 <./Bilder/SPS/MachineConfigHoch.png>]
File: Bilder/Rena_Logo.png Graphic file (type png)
<use Bilder/Rena_Logo.png>
Package pdftex.def Info: Bilder/Rena_Logo.png  used on input line 149.
(pdftex.def)             Requested size: 101.40224pt x 24.0pt.


Package fancyhdr Warning: \headheight is too small (28.0pt): 
(fancyhdr)                Make it at least 28.35004pt, for example:
(fancyhdr)                \setlength{\headheight}{28.35004pt}.
(fancyhdr)                You might also make \topmargin smaller to compensate:

(fancyhdr)                \addtolength{\topmargin}{-0.35004pt}.

[52]
File: Bilder/Rena_Logo.png Graphic file (type png)
<use Bilder/Rena_Logo.png>
Package pdftex.def Info: Bilder/Rena_Logo.png  used on input line 149.
(pdftex.def)             Requested size: 101.40224pt x 24.0pt.


Package fancyhdr Warning: \headheight is too small (28.0pt): 
(fancyhdr)                Make it at least 28.35004pt, for example:
(fancyhdr)                \setlength{\headheight}{28.35004pt}.
(fancyhdr)                You might also make \topmargin smaller to compensate:

(fancyhdr)                \addtolength{\topmargin}{-0.35004pt}.

[53]
File: Bilder/Rena_Logo.png Graphic file (type png)
<use Bilder/Rena_Logo.png>
Package pdftex.def Info: Bilder/Rena_Logo.png  used on input line 149.
(pdftex.def)             Requested size: 101.40224pt x 24.0pt.


Package fancyhdr Warning: \headheight is too small (28.0pt): 
(fancyhdr)                Make it at least 28.35004pt, for example:
(fancyhdr)                \setlength{\headheight}{28.35004pt}.
(fancyhdr)                You might also make \topmargin smaller to compensate:

(fancyhdr)                \addtolength{\topmargin}{-0.35004pt}.

[54]
File: Bilder/Rena_Logo.png Graphic file (type png)
<use Bilder/Rena_Logo.png>
Package pdftex.def Info: Bilder/Rena_Logo.png  used on input line 149.
(pdftex.def)             Requested size: 101.40224pt x 24.0pt.


Package fancyhdr Warning: \headheight is too small (28.0pt): 
(fancyhdr)                Make it at least 28.35004pt, for example:
(fancyhdr)                \setlength{\headheight}{28.35004pt}.
(fancyhdr)                You might also make \topmargin smaller to compensate:

(fancyhdr)                \addtolength{\topmargin}{-0.35004pt}.

[55]
File: Bilder/Rena_Logo.png Graphic file (type png)
<use Bilder/Rena_Logo.png>
Package pdftex.def Info: Bilder/Rena_Logo.png  used on input line 149.
(pdftex.def)             Requested size: 101.40224pt x 24.0pt.


Package fancyhdr Warning: \headheight is too small (28.0pt): 
(fancyhdr)                Make it at least 28.35004pt, for example:
(fancyhdr)                \setlength{\headheight}{28.35004pt}.
(fancyhdr)                You might also make \topmargin smaller to compensate:

(fancyhdr)                \addtolength{\topmargin}{-0.35004pt}.

[56]
Underfull \hbox (badness 10000) in paragraph at lines 155--156

 []

(Code/SPS/HMIReceived.cs)
Underfull \hbox (badness 10000) in paragraph at lines 157--158

 []


Underfull \hbox (badness 10000) in paragraph at lines 152--160

 []


Underfull \hbox (badness 10000) in paragraph at lines 152--160

 []

File: Bilder/Rena_Logo.png Graphic file (type png)
<use Bilder/Rena_Logo.png>
Package pdftex.def Info: Bilder/Rena_Logo.png  used on input line 160.
(pdftex.def)             Requested size: 101.40224pt x 24.0pt.

Package fancyhdr Warning: \headheight is too small (28.0pt): 
(fancyhdr)                Make it at least 28.35004pt, for example:
(fancyhdr)                \setlength{\headheight}{28.35004pt}.
(fancyhdr)                You might also make \topmargin smaller to compensate:

(fancyhdr)                \addtolength{\topmargin}{-0.35004pt}.

[57]
File: Bilder/Rena_Logo.png Graphic file (type png)
<use Bilder/Rena_Logo.png>
Package pdftex.def Info: Bilder/Rena_Logo.png  used on input line 160.
(pdftex.def)             Requested size: 101.40224pt x 24.0pt.


Package fancyhdr Warning: \headheight is too small (28.0pt): 
(fancyhdr)                Make it at least 28.35004pt, for example:
(fancyhdr)                \setlength{\headheight}{28.35004pt}.
(fancyhdr)                You might also make \topmargin smaller to compensate:

(fancyhdr)                \addtolength{\topmargin}{-0.35004pt}.

[58]
Underfull \hbox (badness 10000) in paragraph at lines 165--166

 []

(Code/SPS/HMISend.cs)
Underfull \hbox (badness 10000) in paragraph at lines 167--168

 []

)
Underfull \hbox (badness 10000) in paragraph at lines 162--302

 []


Underfull \hbox (badness 10000) in paragraph at lines 162--302

 []

File: Bilder/Rena_Logo.png Graphic file (type png)
<use Bilder/Rena_Logo.png>
Package pdftex.def Info: Bilder/Rena_Logo.png  used on input line 302.
(pdftex.def)             Requested size: 101.40224pt x 24.0pt.

Package fancyhdr Warning: \headheight is too small (28.0pt): 
(fancyhdr)                Make it at least 28.35004pt, for example:
(fancyhdr)                \setlength{\headheight}{28.35004pt}.
(fancyhdr)                You might also make \topmargin smaller to compensate:

(fancyhdr)                \addtolength{\topmargin}{-0.35004pt}.

[59] (Ausblick.tex
<Bilder/SPS/LoggingTabelle.png, id=1516, 369.63094pt x 1082.54437pt>
File: Bilder/SPS/LoggingTabelle.png Graphic file (type png)
<use Bilder/SPS/LoggingTabelle.png>
Package pdftex.def Info: Bilder/SPS/LoggingTabelle.png  used on input line 14.
(pdftex.def)             Requested size: 236.55734pt x 692.78308pt.


LaTeX Warning: Float too large for page by 16.83331pt on input line 17.

)
File: Bilder/Rena_Logo.png Graphic file (type png)
<use Bilder/Rena_Logo.png>
Package pdftex.def Info: Bilder/Rena_Logo.png  used on input line 306.
(pdftex.def)             Requested size: 101.40224pt x 24.0pt.


Package fancyhdr Warning: \headheight is too small (28.0pt): 
(fancyhdr)                Make it at least 28.35004pt, for example:
(fancyhdr)                \setlength{\headheight}{28.35004pt}.
(fancyhdr)                You might also make \topmargin smaller to compensate:

(fancyhdr)                \addtolength{\topmargin}{-0.35004pt}.

[60

]
File: Bilder/Rena_Logo.png Graphic file (type png)
<use Bilder/Rena_Logo.png>
Package pdftex.def Info: Bilder/Rena_Logo.png  used on input line 306.
(pdftex.def)             Requested size: 101.40224pt x 24.0pt.


Package fancyhdr Warning: \headheight is too small (28.0pt): 
(fancyhdr)                Make it at least 28.35004pt, for example:
(fancyhdr)                \setlength{\headheight}{28.35004pt}.
(fancyhdr)                You might also make \topmargin smaller to compensate:

(fancyhdr)                \addtolength{\topmargin}{-0.35004pt}.

[61 <./Bilder/SPS/LoggingTabelle.png>] (Praxisbericht.bbl
Underfull \hbox (badness 10000) in paragraph at lines 16--20
[]\T1/lmr/m/it/12 Automatisierungspyramide\T1/lmr/m/n/12 .  []$\T1/lmtt/m/n/12 
https : / / www . wachendorff-[]prozesstechnik . de /
 []


Underfull \hbox (badness 10000) in paragraph at lines 54--58
[]\T1/lmr/m/it/12 TCP-Kommunikation Elektronik-Kompendium\T1/lmr/m/n/12 .  []$\
T1/lmtt/m/n/12 https : / / www .
 []


Underfull \hbox (badness 4739) in paragraph at lines 54--58
\T1/lmtt/m/n/12 elektronik-[]kompendium . de / sites / net / 2009211 . htm$[]\T
1/lmr/m/n/12 , . --  [On-li-ne; Zu-griff
 []


Underfull \hbox (badness 1189) in paragraph at lines 75--80
[]\T1/lmr/m/it/12 Quelle des OSI-Modell-Bild\T1/lmr/m/n/12 .  []$\T1/lmtt/m/n/1
2 https : / / www . cloudflare . com / de-[]de / learning /
 []

)
File: Bilder/Rena_Logo.png Graphic file (type png)
<use Bilder/Rena_Logo.png>
Package pdftex.def Info: Bilder/Rena_Logo.png  used on input line 316.
(pdftex.def)             Requested size: 101.40224pt x 24.0pt.


Package fancyhdr Warning: \headheight is too small (28.0pt): 
(fancyhdr)                Make it at least 28.35004pt, for example:
(fancyhdr)                \setlength{\headheight}{28.35004pt}.
(fancyhdr)                You might also make \topmargin smaller to compensate:

(fancyhdr)                \addtolength{\topmargin}{-0.35004pt}.

[62

]
<Dateien/ReportCSV.pdf, id=1548, 597.23125pt x 845.1575pt>
File: Dateien/ReportCSV.pdf Graphic file (type pdf)
<use Dateien/ReportCSV.pdf>
Package pdftex.def Info: Dateien/ReportCSV.pdf  used on input line 325.
(pdftex.def)             Requested size: 455.24411pt x 644.235pt.
<Dateien/ReportExcel.pdf, id=1549, 597.23125pt x 845.1575pt>
File: Dateien/ReportExcel.pdf Graphic file (type pdf)
<use Dateien/ReportExcel.pdf>
Package pdftex.def Info: Dateien/ReportExcel.pdf  used on input line 327.
(pdftex.def)             Requested size: 455.24411pt x 644.235pt.
File: Bilder/Rena_Logo.png Graphic file (type png)
<use Bilder/Rena_Logo.png>
Package pdftex.def Info: Bilder/Rena_Logo.png  used on input line 330.
(pdftex.def)             Requested size: 101.40224pt x 24.0pt.


Package fancyhdr Warning: \headheight is too small (28.0pt): 
(fancyhdr)                Make it at least 28.35004pt, for example:
(fancyhdr)                \setlength{\headheight}{28.35004pt}.
(fancyhdr)                You might also make \topmargin smaller to compensate:

(fancyhdr)                \addtolength{\topmargin}{-0.35004pt}.

[63 <./Dateien/ReportCSV.pdf>]
File: Bilder/Rena_Logo.png Graphic file (type png)
<use Bilder/Rena_Logo.png>
Package pdftex.def Info: Bilder/Rena_Logo.png  used on input line 330.
(pdftex.def)             Requested size: 101.40224pt x 24.0pt.


Package fancyhdr Warning: \headheight is too small (28.0pt): 
(fancyhdr)                Make it at least 28.35004pt, for example:
(fancyhdr)                \setlength{\headheight}{28.35004pt}.
(fancyhdr)                You might also make \topmargin smaller to compensate:

(fancyhdr)                \addtolength{\topmargin}{-0.35004pt}.

[64 <./Dateien/ReportExcel.pdf>] (Praxisbericht.aux)
Package rerunfilecheck Info: File `Praxisbericht.out' has not changed.
(rerunfilecheck)             Checksum: 72796AE1D277AECDB7021D2C33097CDD;2411.
 ) 
Here is how much of TeX's memory you used:
 13102 strings out of 479697
 193285 string characters out of 2877015
 884355 words of memory out of 3000000
 28867 multiletter control sequences out of 15000+200000
 483846 words of font info for 70 fonts, out of 3000000 for 9000
 1141 hyphenation exceptions out of 8191
 66i,16n,72p,1559b,1541s stack positions out of 5000i,500n,10000p,200000b,50000s
pdfTeX warning (dest): name{Hfootnote.3} has been referenced but does not exi
st, replaced by a fixed one

pdfTeX warning (dest): name{Hfootnote.2} has been referenced but does not exist
, replaced by a fixed one

pdfTeX warning (dest): name{Hfootnote.1} has been referenced but does not exist
, replaced by a fixed one

{C:/Program Files/MiKTeX/fonts/enc/dvips/lm/lm-ec.enc}{C:/Program Files/MiKTeX/
fonts/enc/dvips/lm/lm-mathsy.enc}<C:/Program Files/MiKTeX/fonts/type1/public/lm
/lmbx10.pfb><C:/Program Files/MiKTeX/fonts/type1/public/lm/lmbx12.pfb><C:/Progr
am Files/MiKTeX/fonts/type1/public/lm/lmbxi10.pfb><C:/Program Files/MiKTeX/font
s/type1/public/lm/lmcsc10.pfb><C:/Program Files/MiKTeX/fonts/type1/public/lm/lm
r10.pfb><C:/Program Files/MiKTeX/fonts/type1/public/lm/lmr12.pfb><C:/Program Fi
les/MiKTeX/fonts/type1/public/lm/lmr6.pfb><C:/Program Files/MiKTeX/fonts/type1/
public/lm/lmr7.pfb><C:/Program Files/MiKTeX/fonts/type1/public/lm/lmr8.pfb><C:/
Program Files/MiKTeX/fonts/type1/public/lm/lmri12.pfb><C:/Program Files/MiKTeX/
fonts/type1/public/lm/lmsy10.pfb><C:/Program Files/MiKTeX/fonts/type1/public/lm
/lmtt12.pfb><C:/Program Files/MiKTeX/fonts/type1/public/lm/lmtt8.pfb>
Output written on Praxisbericht.pdf (73 pages, 4309538 bytes).
PDF statistics:
 1809 PDF objects out of 2073 (max. 8388607)
 914 named destinations out of 1000 (max. 500000)
 453 words of extra memory for PDF output out of 10000 (max. 10000000)

